{"/Users/yantao/Desktop/自己测试DEMO集/MyBlog/myblog/index.js":{"path":"/Users/yantao/Desktop/自己测试DEMO集/MyBlog/myblog/index.js","s":{"1":1,"2":1,"3":1,"4":1,"5":1,"6":1,"7":1,"8":1,"9":1,"10":1,"11":1,"12":1,"13":1,"14":1,"15":1,"16":1,"17":1,"18":1,"19":1,"20":8,"21":8,"22":8,"23":8,"24":1,"25":1,"26":1,"27":1,"28":0,"29":1,"30":1,"31":0,"32":0},"b":{"1":[1,0]},"f":{"1":8,"2":0,"3":0},"fnMap":{"1":{"name":"(anonymous_1)","line":55,"loc":{"start":{"line":55,"column":8},"end":{"line":55,"column":30}}},"2":{"name":"(anonymous_2)","line":89,"loc":{"start":{"line":89,"column":8},"end":{"line":89,"column":39}}},"3":{"name":"(anonymous_3)","line":100,"loc":{"start":{"line":100,"column":28},"end":{"line":100,"column":40}}}},"statementMap":{"1":{"start":{"line":1,"column":0},"end":{"line":1,"column":27}},"2":{"start":{"line":2,"column":0},"end":{"line":2,"column":33}},"3":{"start":{"line":3,"column":0},"end":{"line":3,"column":41}},"4":{"start":{"line":4,"column":0},"end":{"line":4,"column":51}},"5":{"start":{"line":5,"column":0},"end":{"line":5,"column":37}},"6":{"start":{"line":6,"column":0},"end":{"line":6,"column":47}},"7":{"start":{"line":7,"column":0},"end":{"line":7,"column":33}},"8":{"start":{"line":8,"column":0},"end":{"line":8,"column":34}},"9":{"start":{"line":11,"column":0},"end":{"line":11,"column":33}},"10":{"start":{"line":12,"column":0},"end":{"line":12,"column":48}},"11":{"start":{"line":14,"column":0},"end":{"line":14,"column":20}},"12":{"start":{"line":17,"column":0},"end":{"line":17,"column":48}},"13":{"start":{"line":19,"column":0},"end":{"line":19,"column":30}},"14":{"start":{"line":22,"column":0},"end":{"line":22,"column":56}},"15":{"start":{"line":24,"column":0},"end":{"line":35,"column":4}},"16":{"start":{"line":38,"column":0},"end":{"line":38,"column":17}},"17":{"start":{"line":43,"column":0},"end":{"line":46,"column":4}},"18":{"start":{"line":49,"column":0},"end":{"line":52,"column":2}},"19":{"start":{"line":55,"column":0},"end":{"line":60,"column":3}},"20":{"start":{"line":56,"column":3},"end":{"line":56,"column":38}},"21":{"start":{"line":57,"column":3},"end":{"line":57,"column":56}},"22":{"start":{"line":58,"column":3},"end":{"line":58,"column":54}},"23":{"start":{"line":59,"column":3},"end":{"line":59,"column":10}},"24":{"start":{"line":64,"column":0},"end":{"line":74,"column":4}},"25":{"start":{"line":76,"column":0},"end":{"line":76,"column":12}},"26":{"start":{"line":78,"column":0},"end":{"line":88,"column":4}},"27":{"start":{"line":89,"column":0},"end":{"line":93,"column":3}},"28":{"start":{"line":90,"column":4},"end":{"line":92,"column":7}},"29":{"start":{"line":96,"column":0},"end":{"line":103,"column":1}},"30":{"start":{"line":97,"column":4},"end":{"line":97,"column":25}},"31":{"start":{"line":100,"column":4},"end":{"line":102,"column":7}},"32":{"start":{"line":101,"column":8},"end":{"line":101,"column":68}}},"branchMap":{"1":{"line":96,"type":"if","locations":[{"start":{"line":96,"column":0},"end":{"line":96,"column":0}},{"start":{"line":96,"column":0},"end":{"line":96,"column":0}}]}}},"/Users/yantao/Desktop/自己测试DEMO集/MyBlog/myblog/config/default.js":{"path":"/Users/yantao/Desktop/自己测试DEMO集/MyBlog/myblog/config/default.js","s":{"1":1},"b":{},"f":{},"fnMap":{},"statementMap":{"1":{"start":{"line":1,"column":0},"end":{"line":9,"column":2}}},"branchMap":{}},"/Users/yantao/Desktop/自己测试DEMO集/MyBlog/myblog/routes/index.js":{"path":"/Users/yantao/Desktop/自己测试DEMO集/MyBlog/myblog/routes/index.js","s":{"1":1,"2":1,"3":0,"4":1,"5":1,"6":1,"7":1,"8":1,"9":7,"10":0},"b":{"1":[0,7]},"f":{"1":1,"2":0,"3":7},"fnMap":{"1":{"name":"(anonymous_1)","line":1,"loc":{"start":{"line":1,"column":17},"end":{"line":1,"column":31}}},"2":{"name":"(anonymous_2)","line":2,"loc":{"start":{"line":2,"column":17},"end":{"line":2,"column":35}}},"3":{"name":"(anonymous_3)","line":10,"loc":{"start":{"line":10,"column":12},"end":{"line":10,"column":32}}}},"statementMap":{"1":{"start":{"line":1,"column":0},"end":{"line":15,"column":2}},"2":{"start":{"line":2,"column":4},"end":{"line":4,"column":7}},"3":{"start":{"line":3,"column":8},"end":{"line":3,"column":31}},"4":{"start":{"line":5,"column":4},"end":{"line":5,"column":44}},"5":{"start":{"line":6,"column":4},"end":{"line":6,"column":44}},"6":{"start":{"line":7,"column":4},"end":{"line":7,"column":46}},"7":{"start":{"line":8,"column":4},"end":{"line":8,"column":42}},"8":{"start":{"line":10,"column":4},"end":{"line":14,"column":7}},"9":{"start":{"line":11,"column":7},"end":{"line":13,"column":8}},"10":{"start":{"line":12,"column":11},"end":{"line":12,"column":41}}},"branchMap":{"1":{"line":11,"type":"if","locations":[{"start":{"line":11,"column":7},"end":{"line":11,"column":7}},{"start":{"line":11,"column":7},"end":{"line":11,"column":7}}]}}},"/Users/yantao/Desktop/自己测试DEMO集/MyBlog/myblog/routes/signup.js":{"path":"/Users/yantao/Desktop/自己测试DEMO集/MyBlog/myblog/routes/signup.js","s":{"1":1,"2":1,"3":1,"4":1,"5":1,"6":1,"7":1,"8":1,"9":3,"10":1,"11":4,"12":4,"13":4,"14":4,"15":4,"16":4,"17":4,"18":4,"19":4,"20":1,"21":3,"22":1,"23":2,"24":0,"25":2,"26":0,"27":2,"28":0,"29":2,"30":0,"31":2,"32":2,"33":2,"34":2,"35":2,"36":2,"37":1,"38":1,"39":1,"40":1,"41":1,"42":1,"43":1,"44":1,"45":1,"46":0,"47":1},"b":{"1":[1,3],"2":[4,3],"3":[1,2],"4":[0,2],"5":[2,2],"6":[0,2],"7":[0,2],"8":[0,2],"9":[1,0]},"f":{"1":3,"2":4,"3":1,"4":1},"fnMap":{"1":{"name":"(anonymous_1)","line":13,"loc":{"start":{"line":13,"column":31},"end":{"line":13,"column":57}}},"2":{"name":"(anonymous_2)","line":19,"loc":{"start":{"line":19,"column":32},"end":{"line":19,"column":58}}},"3":{"name":"(anonymous_3)","line":72,"loc":{"start":{"line":72,"column":32},"end":{"line":72,"column":50}}},"4":{"name":"(anonymous_4)","line":82,"loc":{"start":{"line":82,"column":14},"end":{"line":82,"column":27}}}},"statementMap":{"1":{"start":{"line":1,"column":0},"end":{"line":1,"column":33}},"2":{"start":{"line":2,"column":0},"end":{"line":2,"column":30}},"3":{"start":{"line":4,"column":0},"end":{"line":4,"column":23}},"4":{"start":{"line":5,"column":0},"end":{"line":5,"column":27}},"5":{"start":{"line":6,"column":0},"end":{"line":6,"column":27}},"6":{"start":{"line":8,"column":0},"end":{"line":8,"column":43}},"7":{"start":{"line":9,"column":0},"end":{"line":9,"column":66}},"8":{"start":{"line":13,"column":0},"end":{"line":15,"column":3}},"9":{"start":{"line":14,"column":4},"end":{"line":14,"column":25}},"10":{"start":{"line":19,"column":0},"end":{"line":92,"column":3}},"11":{"start":{"line":20,"column":4},"end":{"line":20,"column":31}},"12":{"start":{"line":21,"column":4},"end":{"line":21,"column":35}},"13":{"start":{"line":22,"column":4},"end":{"line":22,"column":29}},"14":{"start":{"line":23,"column":4},"end":{"line":23,"column":61}},"15":{"start":{"line":24,"column":4},"end":{"line":24,"column":39}},"16":{"start":{"line":25,"column":4},"end":{"line":25,"column":43}},"17":{"start":{"line":26,"column":4},"end":{"line":26,"column":24}},"18":{"start":{"line":28,"column":4},"end":{"line":57,"column":5}},"19":{"start":{"line":29,"column":8},"end":{"line":31,"column":9}},"20":{"start":{"line":30,"column":12},"end":{"line":30,"column":45}},"21":{"start":{"line":33,"column":8},"end":{"line":35,"column":9}},"22":{"start":{"line":34,"column":12},"end":{"line":34,"column":42}},"23":{"start":{"line":37,"column":8},"end":{"line":39,"column":9}},"24":{"start":{"line":38,"column":12},"end":{"line":38,"column":47}},"25":{"start":{"line":41,"column":8},"end":{"line":43,"column":9}},"26":{"start":{"line":42,"column":12},"end":{"line":42,"column":36}},"27":{"start":{"line":45,"column":8},"end":{"line":47,"column":9}},"28":{"start":{"line":46,"column":12},"end":{"line":46,"column":42}},"29":{"start":{"line":49,"column":8},"end":{"line":51,"column":9}},"30":{"start":{"line":50,"column":12},"end":{"line":50,"column":41}},"31":{"start":{"line":54,"column":8},"end":{"line":54,"column":41}},"32":{"start":{"line":55,"column":8},"end":{"line":55,"column":38}},"33":{"start":{"line":56,"column":8},"end":{"line":56,"column":39}},"34":{"start":{"line":60,"column":4},"end":{"line":60,"column":30}},"35":{"start":{"line":63,"column":4},"end":{"line":69,"column":6}},"36":{"start":{"line":72,"column":4},"end":{"line":91,"column":7}},"37":{"start":{"line":74,"column":8},"end":{"line":74,"column":29}},"38":{"start":{"line":76,"column":8},"end":{"line":76,"column":29}},"39":{"start":{"line":77,"column":8},"end":{"line":77,"column":32}},"40":{"start":{"line":79,"column":8},"end":{"line":79,"column":36}},"41":{"start":{"line":81,"column":8},"end":{"line":81,"column":31}},"42":{"start":{"line":84,"column":8},"end":{"line":84,"column":41}},"43":{"start":{"line":86,"column":8},"end":{"line":89,"column":9}},"44":{"start":{"line":87,"column":12},"end":{"line":87,"column":42}},"45":{"start":{"line":88,"column":12},"end":{"line":88,"column":43}},"46":{"start":{"line":90,"column":8},"end":{"line":90,"column":16}},"47":{"start":{"line":94,"column":0},"end":{"line":94,"column":24}}},"branchMap":{"1":{"line":29,"type":"if","locations":[{"start":{"line":29,"column":8},"end":{"line":29,"column":8}},{"start":{"line":29,"column":8},"end":{"line":29,"column":8}}]},"2":{"line":29,"type":"binary-expr","locations":[{"start":{"line":29,"column":14},"end":{"line":29,"column":30}},{"start":{"line":29,"column":34},"end":{"line":29,"column":51}}]},"3":{"line":33,"type":"if","locations":[{"start":{"line":33,"column":8},"end":{"line":33,"column":8}},{"start":{"line":33,"column":8},"end":{"line":33,"column":8}}]},"4":{"line":37,"type":"if","locations":[{"start":{"line":37,"column":8},"end":{"line":37,"column":8}},{"start":{"line":37,"column":8},"end":{"line":37,"column":8}}]},"5":{"line":37,"type":"binary-expr","locations":[{"start":{"line":37,"column":14},"end":{"line":37,"column":29}},{"start":{"line":37,"column":33},"end":{"line":37,"column":49}}]},"6":{"line":41,"type":"if","locations":[{"start":{"line":41,"column":8},"end":{"line":41,"column":8}},{"start":{"line":41,"column":8},"end":{"line":41,"column":8}}]},"7":{"line":45,"type":"if","locations":[{"start":{"line":45,"column":8},"end":{"line":45,"column":8}},{"start":{"line":45,"column":8},"end":{"line":45,"column":8}}]},"8":{"line":49,"type":"if","locations":[{"start":{"line":49,"column":8},"end":{"line":49,"column":8}},{"start":{"line":49,"column":8},"end":{"line":49,"column":8}}]},"9":{"line":86,"type":"if","locations":[{"start":{"line":86,"column":8},"end":{"line":86,"column":8}},{"start":{"line":86,"column":8},"end":{"line":86,"column":8}}]}}},"/Users/yantao/Desktop/自己测试DEMO集/MyBlog/myblog/models/users.js":{"path":"/Users/yantao/Desktop/自己测试DEMO集/MyBlog/myblog/models/users.js","s":{"1":1,"2":1,"3":2,"4":0},"b":{},"f":{"1":2,"2":0},"fnMap":{"1":{"name":"create","line":5,"loc":{"start":{"line":5,"column":12},"end":{"line":5,"column":34}}},"2":{"name":"getUserByName","line":10,"loc":{"start":{"line":10,"column":19},"end":{"line":10,"column":48}}}},"statementMap":{"1":{"start":{"line":1,"column":0},"end":{"line":1,"column":40}},"2":{"start":{"line":3,"column":0},"end":{"line":13,"column":2}},"3":{"start":{"line":6,"column":8},"end":{"line":6,"column":40}},"4":{"start":{"line":11,"column":8},"end":{"line":11,"column":64}}},"branchMap":{}},"/Users/yantao/Desktop/自己测试DEMO集/MyBlog/myblog/lib/mongo.js":{"path":"/Users/yantao/Desktop/自己测试DEMO集/MyBlog/myblog/lib/mongo.js","s":{"1":1,"2":1,"3":1,"4":1,"5":1,"6":1,"7":1,"8":1,"9":3,"10":1,"11":0,"12":0,"13":0,"14":1,"15":1,"16":1,"17":1,"18":1,"19":1,"20":1},"b":{"1":[0,0]},"f":{"1":1,"2":3,"3":0},"fnMap":{"1":{"name":"(anonymous_1)","line":12,"loc":{"start":{"line":12,"column":13},"end":{"line":12,"column":32}}},"2":{"name":"(anonymous_2)","line":13,"loc":{"start":{"line":13,"column":23},"end":{"line":13,"column":39}}},"3":{"name":"(anonymous_3)","line":18,"loc":{"start":{"line":18,"column":17},"end":{"line":18,"column":35}}}},"statementMap":{"1":{"start":{"line":1,"column":0},"end":{"line":1,"column":47}},"2":{"start":{"line":2,"column":0},"end":{"line":2,"column":37}},"3":{"start":{"line":3,"column":0},"end":{"line":3,"column":32}},"4":{"start":{"line":4,"column":0},"end":{"line":4,"column":34}},"5":{"start":{"line":6,"column":0},"end":{"line":6,"column":31}},"6":{"start":{"line":7,"column":0},"end":{"line":7,"column":59}},"7":{"start":{"line":11,"column":0},"end":{"line":24,"column":3}},"8":{"start":{"line":13,"column":7},"end":{"line":15,"column":10}},"9":{"start":{"line":14,"column":15},"end":{"line":14,"column":98}},"10":{"start":{"line":16,"column":7},"end":{"line":16,"column":22}},"11":{"start":{"line":19,"column":8},"end":{"line":21,"column":9}},"12":{"start":{"line":20,"column":12},"end":{"line":20,"column":99}},"13":{"start":{"line":22,"column":8},"end":{"line":22,"column":22}},"14":{"start":{"line":26,"column":0},"end":{"line":32,"column":3}},"15":{"start":{"line":34,"column":0},"end":{"line":34,"column":57}},"16":{"start":{"line":36,"column":0},"end":{"line":41,"column":3}},"17":{"start":{"line":43,"column":0},"end":{"line":43,"column":46}},"18":{"start":{"line":45,"column":0},"end":{"line":49,"column":3}},"19":{"start":{"line":51,"column":0},"end":{"line":51,"column":48}},"20":{"start":{"line":52,"column":0},"end":{"line":52,"column":48}}},"branchMap":{"1":{"line":19,"type":"if","locations":[{"start":{"line":19,"column":8},"end":{"line":19,"column":8}},{"start":{"line":19,"column":8},"end":{"line":19,"column":8}}]}}},"/Users/yantao/Desktop/自己测试DEMO集/MyBlog/myblog/middlewares/check.js":{"path":"/Users/yantao/Desktop/自己测试DEMO集/MyBlog/myblog/middlewares/check.js","s":{"1":1,"2":0,"3":0,"4":0,"5":0,"6":7,"7":0,"8":0,"9":7},"b":{"1":[0,0],"2":[0,7]},"f":{"1":0,"2":7},"fnMap":{"1":{"name":"checkLogin","line":2,"loc":{"start":{"line":2,"column":15},"end":{"line":2,"column":51}}},"2":{"name":"checkNotLogin","line":10,"loc":{"start":{"line":10,"column":19},"end":{"line":10,"column":58}}}},"statementMap":{"1":{"start":{"line":1,"column":0},"end":{"line":17,"column":2}},"2":{"start":{"line":3,"column":8},"end":{"line":6,"column":9}},"3":{"start":{"line":4,"column":12},"end":{"line":4,"column":37}},"4":{"start":{"line":5,"column":12},"end":{"line":5,"column":43}},"5":{"start":{"line":7,"column":8},"end":{"line":7,"column":15}},"6":{"start":{"line":11,"column":8},"end":{"line":14,"column":9}},"7":{"start":{"line":12,"column":12},"end":{"line":12,"column":37}},"8":{"start":{"line":13,"column":12},"end":{"line":13,"column":40}},"9":{"start":{"line":15,"column":8},"end":{"line":15,"column":15}}},"branchMap":{"1":{"line":3,"type":"if","locations":[{"start":{"line":3,"column":8},"end":{"line":3,"column":8}},{"start":{"line":3,"column":8},"end":{"line":3,"column":8}}]},"2":{"line":11,"type":"if","locations":[{"start":{"line":11,"column":8},"end":{"line":11,"column":8}},{"start":{"line":11,"column":8},"end":{"line":11,"column":8}}]}}},"/Users/yantao/Desktop/自己测试DEMO集/MyBlog/myblog/routes/signin.js":{"path":"/Users/yantao/Desktop/自己测试DEMO集/MyBlog/myblog/routes/signin.js","s":{"1":1,"2":1,"3":1,"4":1,"5":1,"6":1,"7":0,"8":1,"9":0,"10":0,"11":0,"12":0,"13":0,"14":0,"15":0,"16":0,"17":0,"18":0,"19":0,"20":0,"21":0,"22":1},"b":{"1":[0,0],"2":[0,0]},"f":{"1":0,"2":0,"3":0},"fnMap":{"1":{"name":"(anonymous_1)","line":10,"loc":{"start":{"line":10,"column":31},"end":{"line":10,"column":57}}},"2":{"name":"(anonymous_2)","line":15,"loc":{"start":{"line":15,"column":32},"end":{"line":15,"column":58}}},"3":{"name":"(anonymous_3)","line":19,"loc":{"start":{"line":19,"column":39},"end":{"line":19,"column":55}}}},"statementMap":{"1":{"start":{"line":1,"column":0},"end":{"line":1,"column":32}},"2":{"start":{"line":2,"column":0},"end":{"line":2,"column":30}},"3":{"start":{"line":3,"column":0},"end":{"line":3,"column":27}},"4":{"start":{"line":5,"column":0},"end":{"line":5,"column":43}},"5":{"start":{"line":7,"column":0},"end":{"line":7,"column":66}},"6":{"start":{"line":10,"column":0},"end":{"line":12,"column":3}},"7":{"start":{"line":11,"column":4},"end":{"line":11,"column":25}},"8":{"start":{"line":15,"column":0},"end":{"line":38,"column":3}},"9":{"start":{"line":16,"column":4},"end":{"line":16,"column":31}},"10":{"start":{"line":17,"column":4},"end":{"line":17,"column":39}},"11":{"start":{"line":19,"column":4},"end":{"line":37,"column":19}},"12":{"start":{"line":20,"column":8},"end":{"line":23,"column":9}},"13":{"start":{"line":21,"column":12},"end":{"line":21,"column":39}},"14":{"start":{"line":22,"column":12},"end":{"line":22,"column":40}},"15":{"start":{"line":26,"column":8},"end":{"line":29,"column":9}},"16":{"start":{"line":27,"column":12},"end":{"line":27,"column":42}},"17":{"start":{"line":28,"column":12},"end":{"line":28,"column":40}},"18":{"start":{"line":31,"column":8},"end":{"line":31,"column":36}},"19":{"start":{"line":33,"column":8},"end":{"line":33,"column":29}},"20":{"start":{"line":34,"column":8},"end":{"line":34,"column":32}},"21":{"start":{"line":36,"column":8},"end":{"line":36,"column":31}},"22":{"start":{"line":40,"column":0},"end":{"line":40,"column":24}}},"branchMap":{"1":{"line":20,"type":"if","locations":[{"start":{"line":20,"column":8},"end":{"line":20,"column":8}},{"start":{"line":20,"column":8},"end":{"line":20,"column":8}}]},"2":{"line":26,"type":"if","locations":[{"start":{"line":26,"column":8},"end":{"line":26,"column":8}},{"start":{"line":26,"column":8},"end":{"line":26,"column":8}}]}}},"/Users/yantao/Desktop/自己测试DEMO集/MyBlog/myblog/routes/signout.js":{"path":"/Users/yantao/Desktop/自己测试DEMO集/MyBlog/myblog/routes/signout.js","s":{"1":1,"2":1,"3":1,"4":1,"5":0,"6":0,"7":0,"8":1},"b":{},"f":{"1":0},"fnMap":{"1":{"name":"(anonymous_1)","line":8,"loc":{"start":{"line":8,"column":28},"end":{"line":8,"column":54}}}},"statementMap":{"1":{"start":{"line":1,"column":0},"end":{"line":1,"column":33}},"2":{"start":{"line":2,"column":0},"end":{"line":2,"column":31}},"3":{"start":{"line":4,"column":0},"end":{"line":4,"column":60}},"4":{"start":{"line":8,"column":0},"end":{"line":14,"column":3}},"5":{"start":{"line":10,"column":4},"end":{"line":10,"column":28}},"6":{"start":{"line":11,"column":4},"end":{"line":11,"column":33}},"7":{"start":{"line":13,"column":4},"end":{"line":13,"column":27}},"8":{"start":{"line":16,"column":0},"end":{"line":16,"column":24}}},"branchMap":{}},"/Users/yantao/Desktop/自己测试DEMO集/MyBlog/myblog/routes/posts.js":{"path":"/Users/yantao/Desktop/自己测试DEMO集/MyBlog/myblog/routes/posts.js","s":{"1":1,"2":1,"3":1,"4":1,"5":1,"6":1,"7":1,"8":1,"9":1,"10":1,"11":0,"12":0,"13":0,"14":0,"15":0,"16":0,"17":0,"18":0,"19":0,"20":0,"21":0,"22":0,"23":0,"24":0,"25":0,"26":1,"27":0,"28":1,"29":0,"30":0,"31":0,"32":0,"33":0,"34":0,"35":0,"36":1,"37":0,"38":0,"39":0,"40":0,"41":0,"42":0,"43":0,"44":0,"45":1,"46":0,"47":0,"48":0,"49":0,"50":0,"51":0,"52":0,"53":1,"54":0,"55":0,"56":0,"57":0,"58":0,"59":1,"60":0,"61":0,"62":0,"63":0,"64":0,"65":0,"66":0,"67":1,"68":0,"69":0,"70":0,"71":0,"72":0,"73":1},"b":{"1":[0,0],"2":[0,0],"3":[0,0],"4":[0,0],"5":[0,0]},"f":{"1":1,"2":1,"3":0,"4":0,"5":0,"6":0,"7":0,"8":0,"9":0,"10":0,"11":0,"12":0,"13":0,"14":0,"15":0,"16":0,"17":0},"fnMap":{"1":{"name":"(anonymous_1)","line":9,"loc":{"start":{"line":9,"column":16},"end":{"line":9,"column":42}}},"2":{"name":"(anonymous_2)","line":13,"loc":{"start":{"line":13,"column":14},"end":{"line":13,"column":31}}},"3":{"name":"(anonymous_3)","line":22,"loc":{"start":{"line":22,"column":28},"end":{"line":22,"column":54}}},"4":{"name":"(anonymous_4)","line":47,"loc":{"start":{"line":47,"column":32},"end":{"line":47,"column":50}}},"5":{"name":"(anonymous_5)","line":59,"loc":{"start":{"line":59,"column":34},"end":{"line":59,"column":60}}},"6":{"name":"(anonymous_6)","line":64,"loc":{"start":{"line":64,"column":23},"end":{"line":64,"column":49}}},"7":{"name":"(anonymous_7)","line":71,"loc":{"start":{"line":71,"column":12},"end":{"line":71,"column":30}}},"8":{"name":"(anonymous_8)","line":82,"loc":{"start":{"line":82,"column":40},"end":{"line":82,"column":66}}},"9":{"name":"(anonymous_9)","line":86,"loc":{"start":{"line":86,"column":42},"end":{"line":86,"column":58}}},"10":{"name":"(anonymous_10)","line":100,"loc":{"start":{"line":100,"column":41},"end":{"line":100,"column":67}}},"11":{"name":"(anonymous_11)","line":107,"loc":{"start":{"line":107,"column":14},"end":{"line":107,"column":26}}},"12":{"name":"(anonymous_12)","line":116,"loc":{"start":{"line":116,"column":42},"end":{"line":116,"column":68}}},"13":{"name":"(anonymous_13)","line":121,"loc":{"start":{"line":121,"column":14},"end":{"line":121,"column":26}}},"14":{"name":"(anonymous_14)","line":130,"loc":{"start":{"line":130,"column":44},"end":{"line":130,"column":70}}},"15":{"name":"(anonymous_15)","line":140,"loc":{"start":{"line":140,"column":38},"end":{"line":140,"column":50}}},"16":{"name":"(anonymous_16)","line":148,"loc":{"start":{"line":148,"column":59},"end":{"line":148,"column":85}}},"17":{"name":"(anonymous_17)","line":152,"loc":{"start":{"line":152,"column":56},"end":{"line":152,"column":68}}}},"statementMap":{"1":{"start":{"line":1,"column":0},"end":{"line":1,"column":33}},"2":{"start":{"line":2,"column":0},"end":{"line":2,"column":31}},"3":{"start":{"line":4,"column":0},"end":{"line":4,"column":43}},"4":{"start":{"line":5,"column":0},"end":{"line":5,"column":49}},"5":{"start":{"line":7,"column":0},"end":{"line":7,"column":60}},"6":{"start":{"line":9,"column":0},"end":{"line":19,"column":3}},"7":{"start":{"line":10,"column":4},"end":{"line":10,"column":34}},"8":{"start":{"line":12,"column":4},"end":{"line":18,"column":21}},"9":{"start":{"line":14,"column":12},"end":{"line":16,"column":15}},"10":{"start":{"line":22,"column":0},"end":{"line":55,"column":3}},"11":{"start":{"line":23,"column":4},"end":{"line":23,"column":38}},"12":{"start":{"line":24,"column":4},"end":{"line":24,"column":33}},"13":{"start":{"line":25,"column":4},"end":{"line":25,"column":37}},"14":{"start":{"line":28,"column":4},"end":{"line":38,"column":5}},"15":{"start":{"line":29,"column":8},"end":{"line":31,"column":9}},"16":{"start":{"line":30,"column":12},"end":{"line":30,"column":37}},"17":{"start":{"line":32,"column":8},"end":{"line":34,"column":9}},"18":{"start":{"line":33,"column":12},"end":{"line":33,"column":37}},"19":{"start":{"line":36,"column":8},"end":{"line":36,"column":37}},"20":{"start":{"line":37,"column":8},"end":{"line":37,"column":36}},"21":{"start":{"line":40,"column":4},"end":{"line":45,"column":6}},"22":{"start":{"line":47,"column":4},"end":{"line":54,"column":19}},"23":{"start":{"line":49,"column":8},"end":{"line":49,"column":29}},"24":{"start":{"line":50,"column":8},"end":{"line":50,"column":36}},"25":{"start":{"line":51,"column":8},"end":{"line":51,"column":43}},"26":{"start":{"line":59,"column":0},"end":{"line":61,"column":3}},"27":{"start":{"line":60,"column":3},"end":{"line":60,"column":24}},"28":{"start":{"line":64,"column":0},"end":{"line":79,"column":3}},"29":{"start":{"line":65,"column":4},"end":{"line":65,"column":35}},"30":{"start":{"line":67,"column":4},"end":{"line":78,"column":19}},"31":{"start":{"line":72,"column":8},"end":{"line":72,"column":29}},"32":{"start":{"line":73,"column":8},"end":{"line":73,"column":33}},"33":{"start":{"line":74,"column":8},"end":{"line":76,"column":9}},"34":{"start":{"line":75,"column":12},"end":{"line":75,"column":38}},"35":{"start":{"line":77,"column":8},"end":{"line":77,"column":58}},"36":{"start":{"line":82,"column":0},"end":{"line":97,"column":3}},"37":{"start":{"line":83,"column":4},"end":{"line":83,"column":35}},"38":{"start":{"line":84,"column":4},"end":{"line":84,"column":38}},"39":{"start":{"line":86,"column":4},"end":{"line":96,"column":19}},"40":{"start":{"line":87,"column":8},"end":{"line":89,"column":9}},"41":{"start":{"line":88,"column":12},"end":{"line":88,"column":37}},"42":{"start":{"line":90,"column":8},"end":{"line":92,"column":9}},"43":{"start":{"line":91,"column":12},"end":{"line":91,"column":36}},"44":{"start":{"line":93,"column":8},"end":{"line":95,"column":11}},"45":{"start":{"line":100,"column":0},"end":{"line":113,"column":3}},"46":{"start":{"line":101,"column":4},"end":{"line":101,"column":35}},"47":{"start":{"line":102,"column":4},"end":{"line":102,"column":38}},"48":{"start":{"line":103,"column":4},"end":{"line":103,"column":33}},"49":{"start":{"line":104,"column":4},"end":{"line":104,"column":37}},"50":{"start":{"line":106,"column":4},"end":{"line":112,"column":21}},"51":{"start":{"line":108,"column":12},"end":{"line":108,"column":43}},"52":{"start":{"line":110,"column":12},"end":{"line":110,"column":45}},"53":{"start":{"line":116,"column":0},"end":{"line":127,"column":3}},"54":{"start":{"line":117,"column":4},"end":{"line":117,"column":35}},"55":{"start":{"line":118,"column":4},"end":{"line":118,"column":38}},"56":{"start":{"line":120,"column":4},"end":{"line":126,"column":21}},"57":{"start":{"line":122,"column":12},"end":{"line":122,"column":43}},"58":{"start":{"line":124,"column":12},"end":{"line":124,"column":35}},"59":{"start":{"line":130,"column":0},"end":{"line":145,"column":3}},"60":{"start":{"line":131,"column":4},"end":{"line":131,"column":38}},"61":{"start":{"line":132,"column":4},"end":{"line":132,"column":35}},"62":{"start":{"line":133,"column":4},"end":{"line":133,"column":37}},"63":{"start":{"line":134,"column":4},"end":{"line":138,"column":6}},"64":{"start":{"line":140,"column":4},"end":{"line":144,"column":19}},"65":{"start":{"line":141,"column":8},"end":{"line":141,"column":37}},"66":{"start":{"line":143,"column":8},"end":{"line":143,"column":29}},"67":{"start":{"line":148,"column":0},"end":{"line":156,"column":3}},"68":{"start":{"line":149,"column":4},"end":{"line":149,"column":41}},"69":{"start":{"line":150,"column":4},"end":{"line":150,"column":41}},"70":{"start":{"line":152,"column":4},"end":{"line":155,"column":19}},"71":{"start":{"line":153,"column":8},"end":{"line":153,"column":39}},"72":{"start":{"line":154,"column":8},"end":{"line":154,"column":29}},"73":{"start":{"line":158,"column":0},"end":{"line":158,"column":24}}},"branchMap":{"1":{"line":29,"type":"if","locations":[{"start":{"line":29,"column":8},"end":{"line":29,"column":8}},{"start":{"line":29,"column":8},"end":{"line":29,"column":8}}]},"2":{"line":32,"type":"if","locations":[{"start":{"line":32,"column":8},"end":{"line":32,"column":8}},{"start":{"line":32,"column":8},"end":{"line":32,"column":8}}]},"3":{"line":74,"type":"if","locations":[{"start":{"line":74,"column":8},"end":{"line":74,"column":8}},{"start":{"line":74,"column":8},"end":{"line":74,"column":8}}]},"4":{"line":87,"type":"if","locations":[{"start":{"line":87,"column":8},"end":{"line":87,"column":8}},{"start":{"line":87,"column":8},"end":{"line":87,"column":8}}]},"5":{"line":90,"type":"if","locations":[{"start":{"line":90,"column":8},"end":{"line":90,"column":8}},{"start":{"line":90,"column":8},"end":{"line":90,"column":8}}]}}},"/Users/yantao/Desktop/自己测试DEMO集/MyBlog/myblog/models/posts.js":{"path":"/Users/yantao/Desktop/自己测试DEMO集/MyBlog/myblog/models/posts.js","s":{"1":1,"2":1,"3":1,"4":1,"5":1,"6":3,"7":3,"8":0,"9":0,"10":0,"11":1,"12":1,"13":3,"14":3,"15":3,"16":0,"17":0,"18":0,"19":0,"20":0,"21":1,"22":0,"23":0,"24":1,"25":1,"26":0,"27":1,"28":0,"29":0,"30":0,"31":0},"b":{"1":[0,0],"2":[0,0],"3":[0,1]},"f":{"1":1,"2":3,"3":0,"4":1,"5":3,"6":3,"7":0,"8":0,"9":0,"10":0,"11":1,"12":0,"13":0,"14":0,"15":0},"fnMap":{"1":{"name":"(anonymous_1)","line":7,"loc":{"start":{"line":7,"column":14},"end":{"line":7,"column":31}}},"2":{"name":"(anonymous_2)","line":8,"loc":{"start":{"line":8,"column":25},"end":{"line":8,"column":41}}},"3":{"name":"(anonymous_3)","line":13,"loc":{"start":{"line":13,"column":17},"end":{"line":13,"column":33}}},"4":{"name":"(anonymous_4)","line":22,"loc":{"start":{"line":22,"column":14},"end":{"line":22,"column":31}}},"5":{"name":"(anonymous_5)","line":23,"loc":{"start":{"line":23,"column":37},"end":{"line":23,"column":53}}},"6":{"name":"(anonymous_6)","line":24,"loc":{"start":{"line":24,"column":64},"end":{"line":24,"column":89}}},"7":{"name":"(anonymous_7)","line":30,"loc":{"start":{"line":30,"column":17},"end":{"line":30,"column":33}}},"8":{"name":"(anonymous_8)","line":32,"loc":{"start":{"line":32,"column":64},"end":{"line":32,"column":81}}},"9":{"name":"create","line":43,"loc":{"start":{"line":43,"column":11},"end":{"line":43,"column":33}}},"10":{"name":"getPostById","line":48,"loc":{"start":{"line":48,"column":17},"end":{"line":48,"column":46}}},"11":{"name":"getPosts","line":53,"loc":{"start":{"line":53,"column":13},"end":{"line":53,"column":39}}},"12":{"name":"incPv","line":62,"loc":{"start":{"line":62,"column":10},"end":{"line":62,"column":33}}},"13":{"name":"getRawPostById","line":67,"loc":{"start":{"line":67,"column":20},"end":{"line":67,"column":52}}},"14":{"name":"updatePostById","line":75,"loc":{"start":{"line":75,"column":20},"end":{"line":75,"column":66}}},"15":{"name":"delPostById","line":80,"loc":{"start":{"line":80,"column":17},"end":{"line":80,"column":54}}}},"statementMap":{"1":{"start":{"line":1,"column":0},"end":{"line":1,"column":40}},"2":{"start":{"line":2,"column":0},"end":{"line":2,"column":41}},"3":{"start":{"line":3,"column":0},"end":{"line":3,"column":31}},"4":{"start":{"line":6,"column":0},"end":{"line":19,"column":3}},"5":{"start":{"line":8,"column":8},"end":{"line":11,"column":11}},"6":{"start":{"line":9,"column":12},"end":{"line":9,"column":48}},"7":{"start":{"line":10,"column":12},"end":{"line":10,"column":24}},"8":{"start":{"line":14,"column":8},"end":{"line":16,"column":9}},"9":{"start":{"line":15,"column":12},"end":{"line":15,"column":48}},"10":{"start":{"line":17,"column":8},"end":{"line":17,"column":20}},"11":{"start":{"line":21,"column":0},"end":{"line":39,"column":3}},"12":{"start":{"line":23,"column":8},"end":{"line":28,"column":12}},"13":{"start":{"line":24,"column":12},"end":{"line":27,"column":15}},"14":{"start":{"line":25,"column":16},"end":{"line":25,"column":51}},"15":{"start":{"line":26,"column":16},"end":{"line":26,"column":28}},"16":{"start":{"line":31,"column":8},"end":{"line":36,"column":9}},"17":{"start":{"line":32,"column":12},"end":{"line":35,"column":15}},"18":{"start":{"line":33,"column":16},"end":{"line":33,"column":43}},"19":{"start":{"line":34,"column":16},"end":{"line":34,"column":28}},"20":{"start":{"line":37,"column":8},"end":{"line":37,"column":20}},"21":{"start":{"line":41,"column":0},"end":{"line":83,"column":2}},"22":{"start":{"line":44,"column":8},"end":{"line":44,"column":40}},"23":{"start":{"line":49,"column":8},"end":{"line":49,"column":140}},"24":{"start":{"line":54,"column":8},"end":{"line":54,"column":23}},"25":{"start":{"line":55,"column":8},"end":{"line":57,"column":9}},"26":{"start":{"line":56,"column":12},"end":{"line":56,"column":34}},"27":{"start":{"line":58,"column":8},"end":{"line":58,"column":144}},"28":{"start":{"line":63,"column":8},"end":{"line":63,"column":62}},"29":{"start":{"line":68,"column":8},"end":{"line":71,"column":20}},"30":{"start":{"line":76,"column":8},"end":{"line":76,"column":83}},"31":{"start":{"line":81,"column":8},"end":{"line":81,"column":67}}},"branchMap":{"1":{"line":14,"type":"if","locations":[{"start":{"line":14,"column":8},"end":{"line":14,"column":8}},{"start":{"line":14,"column":8},"end":{"line":14,"column":8}}]},"2":{"line":31,"type":"if","locations":[{"start":{"line":31,"column":8},"end":{"line":31,"column":8}},{"start":{"line":31,"column":8},"end":{"line":31,"column":8}}]},"3":{"line":55,"type":"if","locations":[{"start":{"line":55,"column":8},"end":{"line":55,"column":8}},{"start":{"line":55,"column":8},"end":{"line":55,"column":8}}]}}},"/Users/yantao/Desktop/自己测试DEMO集/MyBlog/myblog/models/comments.js":{"path":"/Users/yantao/Desktop/自己测试DEMO集/MyBlog/myblog/models/comments.js","s":{"1":1,"2":1,"3":1,"4":0,"5":0,"6":0,"7":1,"8":0,"9":0,"10":0,"11":0,"12":3},"b":{},"f":{"1":0,"2":0,"3":0,"4":0,"5":0,"6":0,"7":3},"fnMap":{"1":{"name":"(anonymous_1)","line":6,"loc":{"start":{"line":6,"column":13},"end":{"line":6,"column":33}}},"2":{"name":"(anonymous_2)","line":7,"loc":{"start":{"line":7,"column":27},"end":{"line":7,"column":46}}},"3":{"name":"create","line":16,"loc":{"start":{"line":16,"column":11},"end":{"line":16,"column":36}}},"4":{"name":"delCommentById","line":21,"loc":{"start":{"line":21,"column":19},"end":{"line":21,"column":62}}},"5":{"name":"delCommentsByPostId","line":26,"loc":{"start":{"line":26,"column":24},"end":{"line":26,"column":61}}},"6":{"name":"getComments","line":31,"loc":{"start":{"line":31,"column":16},"end":{"line":31,"column":45}}},"7":{"name":"getCommentsCount","line":36,"loc":{"start":{"line":36,"column":21},"end":{"line":36,"column":55}}}},"statementMap":{"1":{"start":{"line":1,"column":0},"end":{"line":1,"column":30}},"2":{"start":{"line":2,"column":0},"end":{"line":2,"column":46}},"3":{"start":{"line":5,"column":0},"end":{"line":12,"column":3}},"4":{"start":{"line":7,"column":7},"end":{"line":10,"column":9}},"5":{"start":{"line":8,"column":11},"end":{"line":8,"column":53}},"6":{"start":{"line":9,"column":11},"end":{"line":9,"column":26}},"7":{"start":{"line":14,"column":0},"end":{"line":39,"column":2}},"8":{"start":{"line":17,"column":8},"end":{"line":17,"column":46}},"9":{"start":{"line":22,"column":8},"end":{"line":22,"column":69}},"10":{"start":{"line":27,"column":8},"end":{"line":27,"column":54}},"11":{"start":{"line":32,"column":8},"end":{"line":32,"column":136}},"12":{"start":{"line":37,"column":8},"end":{"line":37,"column":53}}},"branchMap":{}}}