TN:
SF:/Users/yantao/Desktop/自己测试DEMO集/MyBlog/myblog/index.js
FN:55,(anonymous_1)
FN:89,(anonymous_2)
FN:100,(anonymous_3)
FNF:3
FNH:1
FNDA:8,(anonymous_1)
FNDA:0,(anonymous_2)
FNDA:0,(anonymous_3)
DA:1,1
DA:2,1
DA:3,1
DA:4,1
DA:5,1
DA:6,1
DA:7,1
DA:8,1
DA:11,1
DA:12,1
DA:14,1
DA:17,1
DA:19,1
DA:22,1
DA:24,1
DA:38,1
DA:43,1
DA:49,1
DA:55,1
DA:56,8
DA:57,8
DA:58,8
DA:59,8
DA:64,1
DA:76,1
DA:78,1
DA:89,1
DA:90,0
DA:96,1
DA:97,1
DA:100,0
DA:101,0
LF:32
LH:29
BRDA:96,1,0,1
BRDA:96,1,1,0
BRF:2
BRH:1
end_of_record
TN:
SF:/Users/yantao/Desktop/自己测试DEMO集/MyBlog/myblog/config/default.js
FNF:0
FNH:0
DA:1,1
LF:1
LH:1
BRF:0
BRH:0
end_of_record
TN:
SF:/Users/yantao/Desktop/自己测试DEMO集/MyBlog/myblog/routes/index.js
FN:1,(anonymous_1)
FN:2,(anonymous_2)
FN:10,(anonymous_3)
FNF:3
FNH:2
FNDA:1,(anonymous_1)
FNDA:0,(anonymous_2)
FNDA:7,(anonymous_3)
DA:1,1
DA:2,1
DA:3,0
DA:5,1
DA:6,1
DA:7,1
DA:8,1
DA:10,1
DA:11,7
DA:12,0
LF:10
LH:8
BRDA:11,1,0,0
BRDA:11,1,1,7
BRF:2
BRH:1
end_of_record
TN:
SF:/Users/yantao/Desktop/自己测试DEMO集/MyBlog/myblog/routes/signup.js
FN:13,(anonymous_1)
FN:19,(anonymous_2)
FN:72,(anonymous_3)
FN:82,(anonymous_4)
FNF:4
FNH:4
FNDA:3,(anonymous_1)
FNDA:4,(anonymous_2)
FNDA:1,(anonymous_3)
FNDA:1,(anonymous_4)
DA:1,1
DA:2,1
DA:4,1
DA:5,1
DA:6,1
DA:8,1
DA:9,1
DA:13,1
DA:14,3
DA:19,1
DA:20,4
DA:21,4
DA:22,4
DA:23,4
DA:24,4
DA:25,4
DA:26,4
DA:28,4
DA:29,4
DA:30,1
DA:33,3
DA:34,1
DA:37,2
DA:38,0
DA:41,2
DA:42,0
DA:45,2
DA:46,0
DA:49,2
DA:50,0
DA:54,2
DA:55,2
DA:56,2
DA:60,2
DA:63,2
DA:72,2
DA:74,1
DA:76,1
DA:77,1
DA:79,1
DA:81,1
DA:84,1
DA:86,1
DA:87,1
DA:88,1
DA:90,0
DA:94,1
LF:47
LH:42
BRDA:29,1,0,1
BRDA:29,1,1,3
BRDA:29,2,0,4
BRDA:29,2,1,3
BRDA:33,3,0,1
BRDA:33,3,1,2
BRDA:37,4,0,0
BRDA:37,4,1,2
BRDA:37,5,0,2
BRDA:37,5,1,2
BRDA:41,6,0,0
BRDA:41,6,1,2
BRDA:45,7,0,0
BRDA:45,7,1,2
BRDA:49,8,0,0
BRDA:49,8,1,2
BRDA:86,9,0,1
BRDA:86,9,1,0
BRF:18
BRH:13
end_of_record
TN:
SF:/Users/yantao/Desktop/自己测试DEMO集/MyBlog/myblog/models/users.js
FN:5,create
FN:10,getUserByName
FNF:2
FNH:1
FNDA:2,create
FNDA:0,getUserByName
DA:1,1
DA:3,1
DA:6,2
DA:11,0
LF:4
LH:3
BRF:0
BRH:0
end_of_record
TN:
SF:/Users/yantao/Desktop/自己测试DEMO集/MyBlog/myblog/lib/mongo.js
FN:12,(anonymous_1)
FN:13,(anonymous_2)
FN:18,(anonymous_3)
FNF:3
FNH:2
FNDA:1,(anonymous_1)
FNDA:3,(anonymous_2)
FNDA:0,(anonymous_3)
DA:1,1
DA:2,1
DA:3,1
DA:4,1
DA:6,1
DA:7,1
DA:11,1
DA:13,1
DA:14,3
DA:16,1
DA:19,0
DA:20,0
DA:22,0
DA:26,1
DA:34,1
DA:36,1
DA:43,1
DA:45,1
DA:51,1
DA:52,1
LF:20
LH:17
BRDA:19,1,0,0
BRDA:19,1,1,0
BRF:2
BRH:0
end_of_record
TN:
SF:/Users/yantao/Desktop/自己测试DEMO集/MyBlog/myblog/middlewares/check.js
FN:2,checkLogin
FN:10,checkNotLogin
FNF:2
FNH:1
FNDA:0,checkLogin
FNDA:7,checkNotLogin
DA:1,1
DA:3,0
DA:4,0
DA:5,0
DA:7,0
DA:11,7
DA:12,0
DA:13,0
DA:15,7
LF:9
LH:3
BRDA:3,1,0,0
BRDA:3,1,1,0
BRDA:11,2,0,0
BRDA:11,2,1,7
BRF:4
BRH:1
end_of_record
TN:
SF:/Users/yantao/Desktop/自己测试DEMO集/MyBlog/myblog/routes/signin.js
FN:10,(anonymous_1)
FN:15,(anonymous_2)
FN:19,(anonymous_3)
FNF:3
FNH:0
FNDA:0,(anonymous_1)
FNDA:0,(anonymous_2)
FNDA:0,(anonymous_3)
DA:1,1
DA:2,1
DA:3,1
DA:5,1
DA:7,1
DA:10,1
DA:11,0
DA:15,1
DA:16,0
DA:17,0
DA:19,0
DA:20,0
DA:21,0
DA:22,0
DA:26,0
DA:27,0
DA:28,0
DA:31,0
DA:33,0
DA:34,0
DA:36,0
DA:40,1
LF:22
LH:8
BRDA:20,1,0,0
BRDA:20,1,1,0
BRDA:26,2,0,0
BRDA:26,2,1,0
BRF:4
BRH:0
end_of_record
TN:
SF:/Users/yantao/Desktop/自己测试DEMO集/MyBlog/myblog/routes/signout.js
FN:8,(anonymous_1)
FNF:1
FNH:0
FNDA:0,(anonymous_1)
DA:1,1
DA:2,1
DA:4,1
DA:8,1
DA:10,0
DA:11,0
DA:13,0
DA:16,1
LF:8
LH:5
BRF:0
BRH:0
end_of_record
TN:
SF:/Users/yantao/Desktop/自己测试DEMO集/MyBlog/myblog/routes/posts.js
FN:9,(anonymous_1)
FN:13,(anonymous_2)
FN:22,(anonymous_3)
FN:47,(anonymous_4)
FN:59,(anonymous_5)
FN:64,(anonymous_6)
FN:71,(anonymous_7)
FN:82,(anonymous_8)
FN:86,(anonymous_9)
FN:100,(anonymous_10)
FN:107,(anonymous_11)
FN:116,(anonymous_12)
FN:121,(anonymous_13)
FN:130,(anonymous_14)
FN:140,(anonymous_15)
FN:148,(anonymous_16)
FN:152,(anonymous_17)
FNF:17
FNH:2
FNDA:1,(anonymous_1)
FNDA:1,(anonymous_2)
FNDA:0,(anonymous_3)
FNDA:0,(anonymous_4)
FNDA:0,(anonymous_5)
FNDA:0,(anonymous_6)
FNDA:0,(anonymous_7)
FNDA:0,(anonymous_8)
FNDA:0,(anonymous_9)
FNDA:0,(anonymous_10)
FNDA:0,(anonymous_11)
FNDA:0,(anonymous_12)
FNDA:0,(anonymous_13)
FNDA:0,(anonymous_14)
FNDA:0,(anonymous_15)
FNDA:0,(anonymous_16)
FNDA:0,(anonymous_17)
DA:1,1
DA:2,1
DA:4,1
DA:5,1
DA:7,1
DA:9,1
DA:10,1
DA:12,1
DA:14,1
DA:22,1
DA:23,0
DA:24,0
DA:25,0
DA:28,0
DA:29,0
DA:30,0
DA:32,0
DA:33,0
DA:36,0
DA:37,0
DA:40,0
DA:47,0
DA:49,0
DA:50,0
DA:51,0
DA:59,1
DA:60,0
DA:64,1
DA:65,0
DA:67,0
DA:72,0
DA:73,0
DA:74,0
DA:75,0
DA:77,0
DA:82,1
DA:83,0
DA:84,0
DA:86,0
DA:87,0
DA:88,0
DA:90,0
DA:91,0
DA:93,0
DA:100,1
DA:101,0
DA:102,0
DA:103,0
DA:104,0
DA:106,0
DA:108,0
DA:110,0
DA:116,1
DA:117,0
DA:118,0
DA:120,0
DA:122,0
DA:124,0
DA:130,1
DA:131,0
DA:132,0
DA:133,0
DA:134,0
DA:140,0
DA:141,0
DA:143,0
DA:148,1
DA:149,0
DA:150,0
DA:152,0
DA:153,0
DA:154,0
DA:158,1
LF:73
LH:18
BRDA:29,1,0,0
BRDA:29,1,1,0
BRDA:32,2,0,0
BRDA:32,2,1,0
BRDA:74,3,0,0
BRDA:74,3,1,0
BRDA:87,4,0,0
BRDA:87,4,1,0
BRDA:90,5,0,0
BRDA:90,5,1,0
BRF:10
BRH:0
end_of_record
TN:
SF:/Users/yantao/Desktop/自己测试DEMO集/MyBlog/myblog/models/posts.js
FN:7,(anonymous_1)
FN:8,(anonymous_2)
FN:13,(anonymous_3)
FN:22,(anonymous_4)
FN:23,(anonymous_5)
FN:24,(anonymous_6)
FN:30,(anonymous_7)
FN:32,(anonymous_8)
FN:43,create
FN:48,getPostById
FN:53,getPosts
FN:62,incPv
FN:67,getRawPostById
FN:75,updatePostById
FN:80,delPostById
FNF:15
FNH:6
FNDA:1,(anonymous_1)
FNDA:3,(anonymous_2)
FNDA:0,(anonymous_3)
FNDA:1,(anonymous_4)
FNDA:3,(anonymous_5)
FNDA:3,(anonymous_6)
FNDA:0,(anonymous_7)
FNDA:0,(anonymous_8)
FNDA:0,create
FNDA:0,getPostById
FNDA:1,getPosts
FNDA:0,incPv
FNDA:0,getRawPostById
FNDA:0,updatePostById
FNDA:0,delPostById
DA:1,1
DA:2,1
DA:3,1
DA:6,1
DA:8,1
DA:9,3
DA:10,3
DA:14,0
DA:15,0
DA:17,0
DA:21,1
DA:23,1
DA:24,3
DA:25,3
DA:26,3
DA:31,0
DA:32,0
DA:33,0
DA:34,0
DA:37,0
DA:41,1
DA:44,0
DA:49,0
DA:54,1
DA:55,1
DA:56,0
DA:58,1
DA:63,0
DA:68,0
DA:76,0
DA:81,0
LF:31
LH:16
BRDA:14,1,0,0
BRDA:14,1,1,0
BRDA:31,2,0,0
BRDA:31,2,1,0
BRDA:55,3,0,0
BRDA:55,3,1,1
BRF:6
BRH:1
end_of_record
TN:
SF:/Users/yantao/Desktop/自己测试DEMO集/MyBlog/myblog/models/comments.js
FN:6,(anonymous_1)
FN:7,(anonymous_2)
FN:16,create
FN:21,delCommentById
FN:26,delCommentsByPostId
FN:31,getComments
FN:36,getCommentsCount
FNF:7
FNH:1
FNDA:0,(anonymous_1)
FNDA:0,(anonymous_2)
FNDA:0,create
FNDA:0,delCommentById
FNDA:0,delCommentsByPostId
FNDA:0,getComments
FNDA:3,getCommentsCount
DA:1,1
DA:2,1
DA:5,1
DA:7,0
DA:8,0
DA:9,0
DA:14,1
DA:17,0
DA:22,0
DA:27,0
DA:32,0
DA:37,3
LF:12
LH:5
BRF:0
BRH:0
end_of_record
